<?xml version="1.0" encoding="UTF-8"?>
<!-- Generated by org.testng.reporters.JUnitReportReporter -->
<testsuite hostname="LINBLRB6VJGB3" failures="0" tests="2" name="com.test.cricket.PlayersSelection" time="0.024" errors="0" timestamp="2022-11-22T21:08:34 IST" skipped="0">
  <testcase classname="com.test.cricket.PlayersSelection" name="verifyWicketKeeper" time="0.010"/>
  <system-out/>
  <testcase classname="com.test.cricket.PlayersSelection" name="verifyForeignPlayers" time="0.014"/>
  <system-out/>
</testsuite> <!-- com.test.cricket.PlayersSelection -->
